# JRE version: Java(TM) SE Runtime Environment (22.0.1+8) (build 22.0.1+8-16)
# Java VM: Java HotSpot(TM) 64-Bit Server VM (22.0.1+8-16, mixed mode, sharing, tiered, compressed oops, compressed class ptrs, g1 gc, windows-amd64)
GC Precious Log:
 CardTable entry size: 512
 Card Set container configuration: InlinePtr #cards 5 size 8 Array Of Cards #cards 12 size 40 Howl #buckets 4 coarsen threshold 1843 Howl Bitmap #cards 512 size 80 coarsen threshold 460 Card regions per heap region 1 cards per card region 2048
 CPUs: 4 total, 4 available
 Memory: 8095M
 Large Page Support: Disabled
 NUMA Support: Disabled
 Compressed Oops: Enabled (32-bit)
 Heap Region Size: 1M
 Heap Min Capacity: 8M
 Heap Initial Capacity: 128M
 Heap Max Capacity: 2024M
 Pre-touch: Disabled
 Parallel Workers: 4
 Concurrent Workers: 1
 Concurrent Refinement Workers: 4
 Periodic GC: Disabled
Heap:
 garbage-first heap   total reserved 2072576K, committed 131072K, used 75043K [0x0000000081800000, 0x0000000100000000)
  region size 1024K, 30 young (30720K), 4 survivors (4096K)
 Metaspace       used 19694K, committed 20032K, reserved 1114112K
  class space    used 2298K, committed 2432K, reserved 1048576K
GC Heap History (8 events):
Event: 1.544 GC heap before
{Heap before GC invocations=0 (full 0):
 garbage-first heap   total reserved 2072576K, committed 131072K, used 14336K [0x0000000081800000, 0x0000000100000000)
  region size 1024K, 14 young (14336K), 0 survivors (0K)
 Metaspace       used 4055K, committed 4160K, reserved 1114112K
  class space    used 435K, committed 512K, reserved 1048576K
}
Event: 1.572 GC heap after
{Heap after GC invocations=1 (full 0):
 garbage-first heap   total reserved 2072576K, committed 131072K, used 3242K [0x0000000081800000, 0x0000000100000000)
  region size 1024K, 2 young (2048K), 2 survivors (2048K)
 Metaspace       used 4055K, committed 4160K, reserved 1114112K
  class space    used 435K, committed 512K, reserved 1048576K
}
Event: 2.906 GC heap before
{Heap before GC invocations=1 (full 0):
 garbage-first heap   total reserved 2072576K, committed 131072K, used 19626K [0x0000000081800000, 0x0000000100000000)
  region size 1024K, 19 young (19456K), 2 survivors (2048K)
 Metaspace       used 6482K, committed 6720K, reserved 1114112K
  class space    used 772K, committed 896K, reserved 1048576K
}
Event: 2.914 GC heap after
{Heap after GC invocations=2 (full 0):
 garbage-first heap   total reserved 2072576K, committed 131072K, used 4140K [0x0000000081800000, 0x0000000100000000)
  region size 1024K, 1 young (1024K), 1 survivors (1024K)
 Metaspace       used 6482K, committed 6720K, reserved 1114112K
  class space    used 772K, committed 896K, reserved 1048576K
}
Event: 11.768 GC heap before
{Heap before GC invocations=2 (full 0):
 garbage-first heap   total reserved 2072576K, committed 131072K, used 80940K [0x0000000081800000, 0x0000000100000000)
  region size 1024K, 76 young (77824K), 1 survivors (1024K)
 Metaspace       used 15571K, committed 15808K, reserved 1114112K
  class space    used 1876K, committed 1984K, reserved 1048576K
}
Event: 11.804 GC heap after
{Heap after GC invocations=3 (full 0):
 garbage-first heap   total reserved 2072576K, committed 131072K, used 12272K [0x0000000081800000, 0x0000000100000000)
  region size 1024K, 9 young (9216K), 9 survivors (9216K)
 Metaspace       used 15571K, committed 15808K, reserved 1114112K
  class space    used 1876K, committed 1984K, reserved 1048576K
}
Event: 18.885 GC heap before
{Heap before GC invocations=3 (full 0):
 garbage-first heap   total reserved 2072576K, committed 131072K, used 80880K [0x0000000081800000, 0x0000000100000000)
  region size 1024K, 76 young (77824K), 9 survivors (9216K)
 Metaspace       used 16325K, committed 16576K, reserved 1114112K
  class space    used 1896K, committed 1984K, reserved 1048576K
}
Event: 18.926 GC heap after
{Heap after GC invocations=4 (full 0):
 garbage-first heap   total reserved 2072576K, committed 131072K, used 15651K [0x0000000081800000, 0x0000000100000000)
  region size 1024K, 4 young (4096K), 4 survivors (4096K)
 Metaspace       used 16325K, committed 16576K, reserved 1114112K
  class space    used 1896K, committed 1984K, reserved 1048576K
}

